<?xml version="1.0" encoding="UTF-8"?>
<testsuite name="Orange HRM Regression Test"
           tests="4"
           failures="0"
           errors="0"
           skipped="0"
           time="49.794">
  <properties />
  
  
            <testcase name="login" time="24.443" classname="test_suite.TC_DataProvider" />
                <testcase name="login" time="7.911" classname="test_suite.TC_DataProvider" />
                <testcase name="login" time="7.820" classname="test_suite.TC_DataProvider" />
                <testcase name="login" time="9.620" classname="test_suite.TC_DataProvider" />
      
</testsuite>
